<?xml version="1.0" encoding="utf-8"?><testsuites name="pytest tests"><testsuite name="pytest" errors="0" failures="0" skipped="0" tests="6" time="1.216" timestamp="2026-07-01T19:51:34.171259+00:00" hostname="agent-env-e2b31293-60a6-4fb3-b9f7-4b5decf9d1b3"><testcase classname="backend.tests.test_iteration6.TestAuthMe" name="test_me_san_vicente" time="0.252" /><testcase classname="backend.tests.test_iteration6.TestAuthMe" name="test_me_admin_env_fallback" time="0.055" /><testcase classname="backend.tests.test_iteration6.TestAuthMe" name="test_me_invalid_404" time="0.065" /><testcase classname="backend.tests.test_iteration6.TestSalesIdempotency" name="test_same_client_id_returns_same_sale" time="0.208" /><testcase classname="backend.tests.test_iteration6.TestAuditSucursal" name="test_by_cashier_has_sucursal" time="0.223" /><testcase classname="backend.tests.test_iteration6.TestUserSucursalChangeReflected" name="test_me_reflects_new_sucursal_after_put" time="0.347" /></testsuite></testsuites>