<?xml version="1.0" encoding="utf-8"?><testsuites name="pytest tests"><testsuite name="pytest" errors="0" failures="0" skipped="0" tests="15" time="1.959" timestamp="2026-06-12T13:36:22.013689+00:00" hostname="agent-env-e2b31293-60a6-4fb3-b9f7-4b5decf9d1b3"><testcase classname="backend.tests.test_iteration4.TestLoginsRestored" name="test_cashier_login_ok[valle_dorado-valle123]" time="0.150" /><testcase classname="backend.tests.test_iteration4.TestLoginsRestored" name="test_cashier_login_ok[mezcalitos-mezca123]" time="0.044" /><testcase classname="backend.tests.test_iteration4.TestLoginsRestored" name="test_cashier_login_ok[san_vicente-vicente123]" time="0.045" /><testcase classname="backend.tests.test_iteration4.TestLoginsRestored" name="test_cashier_login_ok[pi-pi123]" time="0.044" /><testcase classname="backend.tests.test_iteration4.TestLoginsRestored" name="test_cashier_login_ok[san_jose-jose123]" time="0.045" /><testcase classname="backend.tests.test_iteration4.TestUsersIncludePasswords" name="test_default_no_password" time="0.045" /><testcase classname="backend.tests.test_iteration4.TestUsersIncludePasswords" name="test_include_passwords_true" time="0.042" /><testcase classname="backend.tests.test_iteration4.TestSucursalesList" name="test_list_shape" time="0.042" /><testcase classname="backend.tests.test_iteration4.TestSucursalesCRUD" name="test_create_and_appears" time="0.267" /><testcase classname="backend.tests.test_iteration4.TestSucursalesCRUD" name="test_rename_propagates" time="0.559" /><testcase classname="backend.tests.test_iteration4.TestSucursalesCRUD" name="test_delete_blocked_with_users" time="0.389" /><testcase classname="backend.tests.test_iteration4.TestDashboardPeriod" name="test_week_shape" time="0.045" /><testcase classname="backend.tests.test_iteration4.TestDashboardPeriod" name="test_month_shape" time="0.044" /><testcase classname="backend.tests.test_iteration4.TestDashboardPeriod" name="test_filter_by_sucursal" time="0.042" /><testcase classname="backend.tests.test_iteration4.TestReportsCSV" name="test_csv_week_shape" time="0.048" /></testsuite></testsuites>