<?xml version="1.0" encoding="utf-8"?><testsuites name="pytest tests"><testsuite name="pytest" errors="0" failures="0" skipped="0" tests="19" time="1.561" timestamp="2026-06-15T05:09:04.413726+00:00" hostname="agent-env-e2b31293-60a6-4fb3-b9f7-4b5decf9d1b3"><testcase classname="backend.tests.test_iteration5.TestLoginsAllOriginal" name="test_login_ok[valle_dorado-valle123]" time="0.299" /><testcase classname="backend.tests.test_iteration5.TestLoginsAllOriginal" name="test_login_ok[mezcalitos-mezca123]" time="0.044" /><testcase classname="backend.tests.test_iteration5.TestLoginsAllOriginal" name="test_login_ok[san_vicente-vicente123]" time="0.044" /><testcase classname="backend.tests.test_iteration5.TestLoginsAllOriginal" name="test_login_ok[pi-pi123]" time="0.082" /><testcase classname="backend.tests.test_iteration5.TestLoginsAllOriginal" name="test_login_ok[san_jose-jose123]" time="0.042" /><testcase classname="backend.tests.test_iteration5.TestLoginsAllOriginal" name="test_login_ok[admin-taco123]" time="0.043" /><testcase classname="backend.tests.test_iteration5.TestProductPricingMode" name="test_default_is_fixed" time="0.045" /><testcase classname="backend.tests.test_iteration5.TestProductPricingMode" name="test_create_variable_then_update_back" time="0.294" /><testcase classname="backend.tests.test_iteration5.TestProductPricingMode" name="test_birria_is_variable_if_present" time="0.042" /><testcase classname="backend.tests.test_iteration5.TestSinglePaymentWritesPayments" name="test_tarjeta_single_creates_payments" time="0.084" /><testcase classname="backend.tests.test_iteration5.TestMixtoValid" name="test_subtotal_tip_total" time="0.044" /><testcase classname="backend.tests.test_iteration5.TestMixtoValid" name="test_payments_array_returned" time="0.000" /><testcase classname="backend.tests.test_iteration5.TestMixtoValid" name="test_cash_received_greater_computes_change" time="0.042" /><testcase classname="backend.tests.test_iteration5.TestMixtoErrors" name="test_sum_mismatch_400" time="0.041" /><testcase classname="backend.tests.test_iteration5.TestMixtoErrors" name="test_only_one_part_400" time="0.047" /><testcase classname="backend.tests.test_iteration5.TestMixtoErrors" name="test_cash_received_less_than_amount_400" time="0.042" /><testcase classname="backend.tests.test_iteration5.TestDashboardReflectsSplit" name="test_dashboard_today_reflects_split" time="0.048" /><testcase classname="backend.tests.test_iteration5.TestDashboardReflectsSplit" name="test_dashboard_period_week_reflects_split" time="0.043" /><testcase classname="backend.tests.test_iteration5.TestCSVReflectsSplit" name="test_csv_week_efectivo_and_tarjeta_columns" time="0.053" /></testsuite></testsuites>