<?xml version="1.0" encoding="utf-8"?><testsuites name="pytest tests"><testsuite name="pytest" errors="0" failures="0" skipped="0" tests="16" time="1.358" timestamp="2026-06-12T13:10:25.728696+00:00" hostname="agent-env-e2b31293-60a6-4fb3-b9f7-4b5decf9d1b3"><testcase classname="backend.tests.backend_test.TestRegression" name="test_sucursales" time="0.188" /><testcase classname="backend.tests.backend_test.TestRegression" name="test_login_admin" time="0.049" /><testcase classname="backend.tests.backend_test.TestUsersCRUD" name="test_created_user_can_login" time="0.103" /><testcase classname="backend.tests.backend_test.TestUsersCRUD" name="test_duplicate_username_409" time="0.051" /><testcase classname="backend.tests.backend_test.TestUsersCRUD" name="test_cashier_without_sucursal_400" time="0.051" /><testcase classname="backend.tests.backend_test.TestUsersCRUD" name="test_update_user_full" time="0.156" /><testcase classname="backend.tests.backend_test.TestUsersCRUD" name="test_delete_user" time="0.099" /><testcase classname="backend.tests.backend_test.TestUsersCRUD" name="test_cannot_delete_unique_admin" time="0.096" /><testcase classname="backend.tests.backend_test.TestSalesOrderType" name="test_missing_order_type_422" time="0.101" /><testcase classname="backend.tests.backend_test.TestSalesOrderType" name="test_mesa_without_mesa_number_400" time="0.050" /><testcase classname="backend.tests.backend_test.TestSalesOrderType" name="test_llevar_domicilio_no_mesa_ok[llevar]" time="0.050" /><testcase classname="backend.tests.backend_test.TestSalesOrderType" name="test_llevar_domicilio_no_mesa_ok[domicilio]" time="0.046" /><testcase classname="backend.tests.backend_test.TestSalesOrderType" name="test_efectivo_change_given" time="0.051" /><testcase classname="backend.tests.backend_test.TestSalesOrderType" name="test_efectivo_insufficient_400" time="0.048" /><testcase classname="backend.tests.backend_test.TestDashboard" name="test_dashboard_has_new_fields" time="0.101" /><testcase classname="backend.tests.backend_test.TestDashboard" name="test_dashboard_caja_filter" time="0.049" /></testsuite></testsuites>