<?xml version="1.0" encoding="utf-8"?><testsuites name="pytest tests"><testsuite name="pytest" errors="0" failures="0" skipped="0" tests="14" time="1.253" timestamp="2026-06-05T02:02:32.576887+00:00" hostname="agent-env-e2b31293-60a6-4fb3-b9f7-4b5decf9d1b3"><testcase classname="backend.tests.backend_test.TestProducts" name="test_list_products_default_seed" time="0.236" /><testcase classname="backend.tests.backend_test.TestProducts" name="test_products_sorted_by_sort_order" time="0.000" /><testcase classname="backend.tests.backend_test.TestProducts" name="test_product_no_mongo_id" time="0.000" /><testcase classname="backend.tests.backend_test.TestProducts" name="test_update_product_price" time="0.150" /><testcase classname="backend.tests.backend_test.TestProducts" name="test_toggle_active_hides_from_default_list" time="0.199" /><testcase classname="backend.tests.backend_test.TestSales" name="test_create_sale_efectivo_no_tip" time="0.060" /><testcase classname="backend.tests.backend_test.TestSales" name="test_create_sale_tarjeta_with_tip" time="0.049" /><testcase classname="backend.tests.backend_test.TestSales" name="test_create_sale_efectivo_ignores_forced_tip" time="0.048" /><testcase classname="backend.tests.backend_test.TestSales" name="test_create_sale_transferencia_with_tip" time="0.049" /><testcase classname="backend.tests.backend_test.TestSales" name="test_create_sale_empty_cart_400" time="0.051" /><testcase classname="backend.tests.backend_test.TestSales" name="test_list_sales_today" time="0.049" /><testcase classname="backend.tests.backend_test.TestDashboard" name="test_dashboard_structure" time="0.101" /><testcase classname="backend.tests.backend_test.TestAdminLogin" name="test_login_success" time="0.046" /><testcase classname="backend.tests.backend_test.TestAdminLogin" name="test_login_invalid" time="0.046" /></testsuite></testsuites>